<?xml version="1.0" encoding="UTF-8"?>
<!-- Generated by org.testng.reporters.JUnitXMLReporter -->
<testsuite ignored="4" hostname="DESKTOP-82I9HN1" failures="2" tests="2" name="Test" time="22.377" errors="0" timestamp="2025-07-07T08:46:54 IST">
  <testcase classname="campaigns.Create_CampaignTest" name="Create_CampaignTest" time="3.954">
    <failure type="java.lang.AssertionError" message="null">
      <![CDATA[java.lang.AssertionError: null
at campaigns.Create_CampaignTest.Create_CampaignTest(Create_CampaignTest.java:50)
at java.base/java.util.ArrayList.forEach(ArrayList.java:1597)
... Removed 27 stack frames]]>
    </failure>
  </testcase> <!-- Create_CampaignTest -->
  <testcase classname="Contacts.Create_ContactTest" name="Create_ContactTest" time="5.254">
    <failure type="java.lang.AssertionError" message="i am failing this script">
      <![CDATA[java.lang.AssertionError: i am failing this script
at Contacts.Create_ContactTest.Create_ContactTest(Create_ContactTest.java:42)
at java.base/java.util.ArrayList.forEach(ArrayList.java:1597)
... Removed 26 stack frames]]>
    </failure>
  </testcase> <!-- Create_ContactTest -->
  <testcase classname="genericUtilities.BaseClass" name="@AfterTest AT" time="0.0">
    <ignored/>
  </testcase> <!-- @AfterTest AT -->
  <testcase classname="genericUtilities.BaseClass" name="@BeforeSuite BS" time="0.0">
    <ignored/>
  </testcase> <!-- @BeforeSuite BS -->
  <testcase classname="genericUtilities.BaseClass" name="@BeforeTest BT" time="0.0">
    <ignored/>
  </testcase> <!-- @BeforeTest BT -->
  <testcase classname="genericUtilities.BaseClass" name="@AfterSuite AS" time="0.0">
    <ignored/>
  </testcase> <!-- @AfterSuite AS -->
</testsuite> <!-- Test -->
